2016/02/17 20:02:53 [error] [exception.CException] exception 'CException' with message 'Property "CUrlManager.scriptName" is not defined.' in C:\OpenServer\domains\ducascopy.com\vendor\yiisoft\yii\framework\base\CComponent.php:173
Stack trace:
#0 C:\OpenServer\domains\ducascopy.com\vendor\yiisoft\yii\framework\YiiBase.php(220): CComponent->__set('scriptName', false)
#1 C:\OpenServer\domains\ducascopy.com\vendor\yiisoft\yii\framework\base\CModule.php(393): YiiBase::createComponent(Array)
#2 C:\OpenServer\domains\ducascopy.com\vendor\yiisoft\yii\framework\base\CApplication.php(531): CModule->getComponent('urlManager')
#3 C:\OpenServer\domains\ducascopy.com\vendor\yiisoft\yii\framework\web\CWebApplication.php(140): CApplication->getUrlManager()
#4 C:\OpenServer\domains\ducascopy.com\vendor\yiisoft\yii\framework\base\CApplication.php(185): CWebApplication->processRequest()
#5 C:\OpenServer\domains\ducascopy.com\randomizer\index.php(13): CApplication->run()
#6 {main}
REQUEST_URI=/index.php/gii/default/login
---
2016/02/17 20:13:09 [error] [system.db.CDbCommand] CDbCommand::fetchAll() failed: SQLSTATE[42S02]: Base table or view not found: 1146 Table 'randomizer.tbl_migration' doesn't exist. The SQL statement executed was: SHOW FULL COLUMNS FROM `tbl_migration`.
2016/02/17 20:38:53 [error] [php] include(Sentence.php): failed to open stream: No such file or directory (C:\OpenServer\domains\ducascopy.com\vendor\yiisoft\yii\framework\YiiBase.php:432)
Stack trace:
#0 C:\OpenServer\domains\ducascopy.com\randomizer\protected\commands\SentenceCommand.php(32): spl_autoload_call()
#1 unknown(0): SentenceCommand->actionGenerate()
#2 C:\OpenServer\domains\ducascopy.com\vendor\yiisoft\yii\framework\console\CConsoleCommand.php(172): ReflectionMethod->invokeArgs()
#3 C:\OpenServer\domains\ducascopy.com\vendor\yiisoft\yii\framework\console\CConsoleCommandRunner.php(71): SentenceCommand->run()
#4 C:\OpenServer\domains\ducascopy.com\vendor\yiisoft\yii\framework\console\CConsoleApplication.php(92): CConsoleCommandRunner->run()
#5 C:\OpenServer\domains\ducascopy.com\vendor\yiisoft\yii\framework\base\CApplication.php(185): CConsoleApplication->processRequest()
#6 C:\OpenServer\domains\ducascopy.com\vendor\yiisoft\yii\framework\yiic.php(33): CConsoleApplication->run()
#7 C:\OpenServer\domains\ducascopy.com\randomizer\protected\yiic.php(7): require_once()

2016/02/17 20:48:02 [error] [exception.CException] exception 'CException' with message 'Property "UniqueBehavior.sentence" is not defined.' in C:\OpenServer\domains\ducascopy.com\vendor\yiisoft\yii\framework\base\CComponent.php:173
Stack trace:
#0 C:\OpenServer\domains\ducascopy.com\vendor\yiisoft\yii\framework\YiiBase.php(220): CComponent->__set('sentence', 'varBody')
#1 C:\OpenServer\domains\ducascopy.com\vendor\yiisoft\yii\framework\base\CComponent.php(329): YiiBase::createComponent(Array)
#2 C:\OpenServer\domains\ducascopy.com\vendor\yiisoft\yii\framework\base\CComponent.php(298): CComponent->attachBehavior('uniqueBehavior', Array)
#3 C:\OpenServer\domains\ducascopy.com\vendor\yiisoft\yii\framework\db\ar\CActiveRecord.php(396): CComponent->attachBehaviors(Array)
#4 C:\OpenServer\domains\ducascopy.com\randomizer\protected\extensions\giix-components\GxActiveRecord.php(26): CActiveRecord::model('Sentence')
#5 C:\OpenServer\domains\ducascopy.com\randomizer\protected\models\_base\BaseSentence.php(24): GxActiveRecord::model('Sentence')
#6 C:\OpenServer\domains\ducascopy.com\randomizer\protected\models\Sentence.php(17): BaseSentence::model('Sentence')
#7 C:\OpenServer\domains\ducascopy.com\randomizer\protected\commands\SentenceCommand.php(34): Sentence::model()
#8 [internal function]: SentenceCommand->actionGenerate()
#9 C:\OpenServer\domains\ducascopy.com\vendor\yiisoft\yii\framework\console\CConsoleCommand.php(172): ReflectionMethod->invokeArgs(Object(SentenceCommand), Array)
#10 C:\OpenServer\domains\ducascopy.com\vendor\yiisoft\yii\framework\console\CConsoleCommandRunner.php(71): CConsoleCommand->run(Array)
#11 C:\OpenServer\domains\ducascopy.com\vendor\yiisoft\yii\framework\console\CConsoleApplication.php(92): CConsoleCommandRunner->run(Array)
#12 C:\OpenServer\domains\ducascopy.com\vendor\yiisoft\yii\framework\base\CApplication.php(185): CConsoleApplication->processRequest()
#13 C:\OpenServer\domains\ducascopy.com\vendor\yiisoft\yii\framework\yiic.php(33): CApplication->run()
#14 C:\OpenServer\domains\ducascopy.com\randomizer\protected\yiic.php(7): require_once('C:\\OpenServer\\d...')
#15 {main}
---
2016/02/17 20:50:57 [error] [exception.CException] exception 'CException' with message 'Sentence and its behaviors do not have a method or closure named "findOne".' in C:\OpenServer\domains\ducascopy.com\vendor\yiisoft\yii\framework\base\CComponent.php:266
Stack trace:
#0 C:\OpenServer\domains\ducascopy.com\vendor\yiisoft\yii\framework\db\ar\CActiveRecord.php(227): CComponent->__call('findOne', Array)
#1 C:\OpenServer\domains\ducascopy.com\randomizer\protected\extensions\behaviors\UniqueBehavior.php(16): CActiveRecord->__call('findOne', Array)
#2 C:\OpenServer\domains\ducascopy.com\randomizer\protected\extensions\behaviors\UniqueBehavior.php(16): Sentence->findOne('varBody')
#3 [internal function]: UniqueBehavior->isUnique('papa')
#4 C:\OpenServer\domains\ducascopy.com\vendor\yiisoft\yii\framework\base\CComponent.php(261): call_user_func_array(Array, Array)
#5 C:\OpenServer\domains\ducascopy.com\vendor\yiisoft\yii\framework\db\ar\CActiveRecord.php(227): CComponent->__call('isUnique', Array)
#6 C:\OpenServer\domains\ducascopy.com\randomizer\protected\commands\SentenceCommand.php(36): CActiveRecord->__call('isUnique', Array)
#7 C:\OpenServer\domains\ducascopy.com\randomizer\protected\commands\SentenceCommand.php(36): Sentence->isUnique('papa')
#8 [internal function]: SentenceCommand->actionGenerate()
#9 C:\OpenServer\domains\ducascopy.com\vendor\yiisoft\yii\framework\console\CConsoleCommand.php(172): ReflectionMethod->invokeArgs(Object(SentenceCommand), Array)
#10 C:\OpenServer\domains\ducascopy.com\vendor\yiisoft\yii\framework\console\CConsoleCommandRunner.php(71): CConsoleCommand->run(Array)
#11 C:\OpenServer\domains\ducascopy.com\vendor\yiisoft\yii\framework\console\CConsoleApplication.php(92): CConsoleCommandRunner->run(Array)
#12 C:\OpenServer\domains\ducascopy.com\vendor\yiisoft\yii\framework\base\CApplication.php(185): CConsoleApplication->processRequest()
#13 C:\OpenServer\domains\ducascopy.com\vendor\yiisoft\yii\framework\yiic.php(33): CApplication->run()
#14 C:\OpenServer\domains\ducascopy.com\randomizer\protected\yiic.php(7): require_once('C:\\OpenServer\\d...')
#15 {main}
---
2016/02/17 20:53:26 [error] [php] Object of class UniqueBehavior could not be converted to string (C:\OpenServer\domains\ducascopy.com\randomizer\protected\extensions\behaviors\UniqueBehavior.php:16)
Stack trace:
#0 C:\OpenServer\domains\ducascopy.com\vendor\yiisoft\yii\framework\db\ar\CActiveRecord.php(227): Sentence->__call()
#1 C:\OpenServer\domains\ducascopy.com\randomizer\protected\commands\SentenceCommand.php(36): Sentence->__call()
#2 C:\OpenServer\domains\ducascopy.com\randomizer\protected\commands\SentenceCommand.php(36): Sentence->isUnique()
#3 unknown(0): SentenceCommand->actionGenerate()
#4 C:\OpenServer\domains\ducascopy.com\vendor\yiisoft\yii\framework\console\CConsoleCommand.php(172): ReflectionMethod->invokeArgs()
#5 C:\OpenServer\domains\ducascopy.com\vendor\yiisoft\yii\framework\console\CConsoleCommandRunner.php(71): SentenceCommand->run()
#6 C:\OpenServer\domains\ducascopy.com\vendor\yiisoft\yii\framework\console\CConsoleApplication.php(92): CConsoleCommandRunner->run()
#7 C:\OpenServer\domains\ducascopy.com\vendor\yiisoft\yii\framework\base\CApplication.php(185): CConsoleApplication->processRequest()
#8 C:\OpenServer\domains\ducascopy.com\vendor\yiisoft\yii\framework\yiic.php(33): CConsoleApplication->run()
#9 C:\OpenServer\domains\ducascopy.com\randomizer\protected\yiic.php(7): require_once()

2016/02/17 21:04:15 [error] [exception.CException] exception 'CException' with message 'UniqueBehavior and its behaviors do not have a method or closure named "find".' in C:\OpenServer\domains\ducascopy.com\vendor\yiisoft\yii\framework\base\CComponent.php:266
Stack trace:
#0 C:\OpenServer\domains\ducascopy.com\randomizer\protected\extensions\behaviors\UniqueBehavior.php(19): CComponent->__call('find', Array)
#1 C:\OpenServer\domains\ducascopy.com\randomizer\protected\extensions\behaviors\UniqueBehavior.php(19): UniqueBehavior->find('papa1')
#2 [internal function]: UniqueBehavior->isUnique()
#3 C:\OpenServer\domains\ducascopy.com\vendor\yiisoft\yii\framework\base\CComponent.php(261): call_user_func_array(Array, Array)
#4 C:\OpenServer\domains\ducascopy.com\vendor\yiisoft\yii\framework\db\ar\CActiveRecord.php(227): CComponent->__call('isUnique', Array)
#5 C:\OpenServer\domains\ducascopy.com\randomizer\protected\commands\SentenceCommand.php(35): CActiveRecord->__call('isUnique', Array)
#6 C:\OpenServer\domains\ducascopy.com\randomizer\protected\commands\SentenceCommand.php(35): Sentence->isUnique()
#7 [internal function]: SentenceCommand->actionGenerate()
#8 C:\OpenServer\domains\ducascopy.com\vendor\yiisoft\yii\framework\console\CConsoleCommand.php(172): ReflectionMethod->invokeArgs(Object(SentenceCommand), Array)
#9 C:\OpenServer\domains\ducascopy.com\vendor\yiisoft\yii\framework\console\CConsoleCommandRunner.php(71): CConsoleCommand->run(Array)
#10 C:\OpenServer\domains\ducascopy.com\vendor\yiisoft\yii\framework\console\CConsoleApplication.php(92): CConsoleCommandRunner->run(Array)
#11 C:\OpenServer\domains\ducascopy.com\vendor\yiisoft\yii\framework\base\CApplication.php(185): CConsoleApplication->processRequest()
#12 C:\OpenServer\domains\ducascopy.com\vendor\yiisoft\yii\framework\yiic.php(33): CApplication->run()
#13 C:\OpenServer\domains\ducascopy.com\randomizer\protected\yiic.php(7): require_once('C:\\OpenServer\\d...')
#14 {main}
---
2016/02/17 21:04:37 [error] [system.db.CDbCommand] CDbCommand::fetch() failed: SQLSTATE[42S22]: Column not found: 1054 Unknown column 'papa1' in 'where clause'. The SQL statement executed was: SELECT * FROM `sentence` `t` WHERE papa1 LIMIT 1.
2016/02/17 21:04:37 [error] [exception.CDbException] exception 'CDbException' with message 'CDbCommand failed to execute the SQL statement: SQLSTATE[42S22]: Column not found: 1054 Unknown column 'papa1' in 'where clause'. The SQL statement executed was: SELECT * FROM `sentence` `t` WHERE papa1 LIMIT 1' in C:\OpenServer\domains\ducascopy.com\vendor\yiisoft\yii\framework\db\CDbCommand.php:543
Stack trace:
#0 C:\OpenServer\domains\ducascopy.com\vendor\yiisoft\yii\framework\db\CDbCommand.php(415): CDbCommand->queryInternal('fetch', Array, Array)
#1 C:\OpenServer\domains\ducascopy.com\vendor\yiisoft\yii\framework\db\ar\CActiveRecord.php(1356): CDbCommand->queryRow()
#2 C:\OpenServer\domains\ducascopy.com\vendor\yiisoft\yii\framework\db\ar\CActiveRecord.php(1461): CActiveRecord->query(Object(CDbCriteria))
#3 C:\OpenServer\domains\ducascopy.com\randomizer\protected\extensions\behaviors\UniqueBehavior.php(19): CActiveRecord->find('papa1')
#4 [internal function]: UniqueBehavior->isUnique()
#5 C:\OpenServer\domains\ducascopy.com\vendor\yiisoft\yii\framework\base\CComponent.php(261): call_user_func_array(Array, Array)
#6 C:\OpenServer\domains\ducascopy.com\vendor\yiisoft\yii\framework\db\ar\CActiveRecord.php(227): CComponent->__call('isUnique', Array)
#7 C:\OpenServer\domains\ducascopy.com\randomizer\protected\commands\SentenceCommand.php(35): CActiveRecord->__call('isUnique', Array)
#8 C:\OpenServer\domains\ducascopy.com\randomizer\protected\commands\SentenceCommand.php(35): Sentence->isUnique()
#9 [internal function]: SentenceCommand->actionGenerate()
#10 C:\OpenServer\domains\ducascopy.com\vendor\yiisoft\yii\framework\console\CConsoleCommand.php(172): ReflectionMethod->invokeArgs(Object(SentenceCommand), Array)
#11 C:\OpenServer\domains\ducascopy.com\vendor\yiisoft\yii\framework\console\CConsoleCommandRunner.php(71): CConsoleCommand->run(Array)
#12 C:\OpenServer\domains\ducascopy.com\vendor\yiisoft\yii\framework\console\CConsoleApplication.php(92): CConsoleCommandRunner->run(Array)
#13 C:\OpenServer\domains\ducascopy.com\vendor\yiisoft\yii\framework\base\CApplication.php(185): CConsoleApplication->processRequest()
#14 C:\OpenServer\domains\ducascopy.com\vendor\yiisoft\yii\framework\yiic.php(33): CApplication->run()
#15 C:\OpenServer\domains\ducascopy.com\randomizer\protected\yiic.php(7): require_once('C:\\OpenServer\\d...')
#16 {main}
---
2016/02/17 21:05:25 [error] [php] Invalid argument supplied for foreach() (C:\OpenServer\domains\ducascopy.com\vendor\yiisoft\yii\framework\db\schema\CDbCommandBuilder.php:673)
Stack trace:
#0 unknown(0): UniqueBehavior->isUnique()
#1 C:\OpenServer\domains\ducascopy.com\vendor\yiisoft\yii\framework\base\CComponent.php(261): call_user_func_array()
#2 C:\OpenServer\domains\ducascopy.com\vendor\yiisoft\yii\framework\db\ar\CActiveRecord.php(227): Sentence->__call()
#3 C:\OpenServer\domains\ducascopy.com\randomizer\protected\commands\SentenceCommand.php(35): Sentence->__call()
#4 C:\OpenServer\domains\ducascopy.com\randomizer\protected\commands\SentenceCommand.php(35): Sentence->isUnique()
#5 unknown(0): SentenceCommand->actionGenerate()
#6 C:\OpenServer\domains\ducascopy.com\vendor\yiisoft\yii\framework\console\CConsoleCommand.php(172): ReflectionMethod->invokeArgs()
#7 C:\OpenServer\domains\ducascopy.com\vendor\yiisoft\yii\framework\console\CConsoleCommandRunner.php(71): SentenceCommand->run()
#8 C:\OpenServer\domains\ducascopy.com\vendor\yiisoft\yii\framework\console\CConsoleApplication.php(92): CConsoleCommandRunner->run()
#9 C:\OpenServer\domains\ducascopy.com\vendor\yiisoft\yii\framework\base\CApplication.php(185): CConsoleApplication->processRequest()
#10 C:\OpenServer\domains\ducascopy.com\vendor\yiisoft\yii\framework\yiic.php(33): CConsoleApplication->run()
#11 C:\OpenServer\domains\ducascopy.com\randomizer\protected\yiic.php(7): require_once()

